-- linux-rhel8-a64fx / fj@4.10.0 --------------------------------
py-jinja2@3.1.2
py-pyyaml@6.0

-- linux-rhel8-a64fx / gcc@8.5.0 --------------------------------
gcc@12.2.0

-- linux-rhel8-a64fx / gcc@12.2.0 -------------------------------
fujitsu-mpi@head
/opt/FJSVxtclanga/tcsds-1.2.40/bin/mpifcc
/opt/FJSVxtclanga/tcsds-1.2.40/bin/mpiFCC
-- The C compiler identification is GNU 12.2.0
-- The CXX compiler identification is GNU 12.2.0
-- Detecting C compiler ABI info
-- Detecting C compiler ABI info - done
-- Check for working C compiler: /vol0004/apps/oss/spack-v0.21/opt/spack/linux-rhel8-a64fx/gcc-8.5.0/gcc-12.2.0-nencizhor4qmsg6k5ad5gpk5cwqj7a37/bin/gcc - skipped
-- Detecting C compile features
-- Detecting C compile features - done
-- Detecting CXX compiler ABI info
-- Detecting CXX compiler ABI info - done
-- Check for working CXX compiler: /vol0004/apps/oss/spack-v0.21/opt/spack/linux-rhel8-a64fx/gcc-8.5.0/gcc-12.2.0-nencizhor4qmsg6k5ad5gpk5cwqj7a37/bin/g++ - skipped
-- Detecting CXX compile features
-- Detecting CXX compile features - done
-- Setting build type to 'RelWithDebInfo' as none was specified.
-- 3rd party project: using Random123 from "external/Random123"
-- 3rd party project: using eigen from "external/eigen"
-- Sub-project : using fmt from from /vol0004/hp200139/data/u12103/NEURON_build_source/nrn/external/fmt
-- {fmt} version: 11.0.2
-- Build type: RelWithDebInfo
-- No python executable specified. Looking for `python3` in the PATH...
-- Checking if /vol0004/apps/oss/spack-v0.21/opt/spack/linux-rhel8-a64fx/fj-4.10.0/python-3.11.6-qbmpmn2uxu4oe3qoawxbizp7awqlgkcq/bin/python3 is a working python
-- Found BISON: /usr/bin/bison (found version "3.0.4") 
-- Found FLEX: /usr/bin/flex (found suitable version "2.6.1", minimum required is "2.6") 
-- Found Readline: /usr/include  
-- Could NOT find MPI_C (missing: MPI_C_LIB_NAMES MPI_C_HEADER_DIR MPI_C_WORKS) 
-- Could NOT find MPI_CXX (missing: MPI_CXX_LIB_NAMES MPI_CXX_HEADER_DIR MPI_CXX_WORKS) 
CMake Error at /usr/share/cmake/Modules/FindPackageHandleStandardArgs.cmake:230 (message):
  Could NOT find MPI (missing: MPI_C_FOUND MPI_CXX_FOUND)
Call Stack (most recent call first):
  /usr/share/cmake/Modules/FindPackageHandleStandardArgs.cmake:600 (_FPHSA_FAILURE_MESSAGE)
  /usr/share/cmake/Modules/FindMPI.cmake:1837 (find_package_handle_standard_args)
  cmake/MacroHelper.cmake:200 (find_package)
  CMakeLists.txt:348 (nrn_mpi_find_package)


-- Configuring incomplete, errors occurred!
make: *** No targets specified and no makefile found.  Stop.
